Discrepancy Report Results

Summary
FATAL: MISSING_PROTEIN_ID:14 proteins have invalid IDs.
DISC_SOURCE_QUALS_ASNDISC:strain (all present, all unique)
DISC_SOURCE_QUALS_ASNDISC:taxname (all present, all unique)
DISC_FEATURE_COUNT:CDS: 14 present
DISC_FEATURE_COUNT:repeat_region: 1 present
DISC_COUNT_NUCLEOTIDES:1 nucleotide Bioseqs are present
FEATURE_LOCATION_CONFLICT:14 features have inconsistent gene locations.
DISC_QUALITY_SCORES:Quality scores are missing on all sequences.
ONCALLER_COMMENT_PRESENT:1 comment descriptors were found (all same)
MISSING_GENOMEASSEMBLY_COMMENTS:1 bioseqs are missing GenomeAssembly structured comments
MOLTYPE_NOT_MRNA:1 molecule types are not set as mRNA.
TECHNIQUE_NOT_TSA:1 technique are not set as TSA
MISSING_STRUCTURED_COMMENT:1 sequences do not include structured comments.
MISSING_PROJECT:15 sequences do not include project.
DISC_INCONSISTENT_MOLINFO_TECH:Molinfo Technique Report (some missing, all same)


Detailed Report

FATAL: DiscRep_ALL:MISSING_PROTEIN_ID::14 proteins have invalid IDs.
../S_ruber/data/for_prokka_fasta/S_ruber1_2/S_ruber1_2:S_ruber1_2_1 (length 408)
../S_ruber/data/for_prokka_fasta/S_ruber1_2/S_ruber1_2:S_ruber1_2_2 (length 600)
../S_ruber/data/for_prokka_fasta/S_ruber1_2/S_ruber1_2:S_ruber1_2_3 (length 263)
../S_ruber/data/for_prokka_fasta/S_ruber1_2/S_ruber1_2:S_ruber1_2_4 (length 147)
../S_ruber/data/for_prokka_fasta/S_ruber1_2/S_ruber1_2:S_ruber1_2_5 (length 61)
../S_ruber/data/for_prokka_fasta/S_ruber1_2/S_ruber1_2:S_ruber1_2_6 (length 60)
../S_ruber/data/for_prokka_fasta/S_ruber1_2/S_ruber1_2:S_ruber1_2_7 (length 339)
../S_ruber/data/for_prokka_fasta/S_ruber1_2/S_ruber1_2:S_ruber1_2_8 (length 465)
../S_ruber/data/for_prokka_fasta/S_ruber1_2/S_ruber1_2:S_ruber1_2_9 (length 170)
../S_ruber/data/for_prokka_fasta/S_ruber1_2/S_ruber1_2:S_ruber1_2_10 (length 184)
../S_ruber/data/for_prokka_fasta/S_ruber1_2/S_ruber1_2:S_ruber1_2_11 (length 76)
../S_ruber/data/for_prokka_fasta/S_ruber1_2/S_ruber1_2:S_ruber1_2_12 (length 253)
../S_ruber/data/for_prokka_fasta/S_ruber1_2/S_ruber1_2:S_ruber1_2_13 (length 105)
../S_ruber/data/for_prokka_fasta/S_ruber1_2/S_ruber1_2:S_ruber1_2_14 (length 719)

DiscRep_ALL:DISC_SOURCE_QUALS_ASNDISC::strain (all present, all unique)
DiscRep_SUB:DISC_SOURCE_QUALS_ASNDISC::1 sources have unique values for strain
DiscRep_ALL:DISC_SOURCE_QUALS_ASNDISC::taxname (all present, all unique)
DiscRep_SUB:DISC_SOURCE_QUALS_ASNDISC::1 sources have unique values for taxname
DiscRep_ALL:DISC_FEATURE_COUNT::CDS: 14 present
DiscRep_ALL:DISC_FEATURE_COUNT::repeat_region: 1 present
DiscRep_ALL:DISC_COUNT_NUCLEOTIDES::1 nucleotide Bioseqs are present
../S_ruber/data/for_prokka_fasta/S_ruber1_2/S_ruber1_2:S_ruber1_2 (length 16410)

DiscRep_ALL:FEATURE_LOCATION_CONFLICT::14 features have inconsistent gene locations.
DiscRep_SUB:FEATURE_LOCATION_CONFLICT::Coding region xref gene does not exist
../S_ruber/data/for_prokka_fasta/S_ruber1_2/S_ruber1_2:CDS	Replicative DNA helicase	S_ruber1_2:131-1357	CDBOIKMB_00001

DiscRep_SUB:FEATURE_LOCATION_CONFLICT::Coding region xref gene does not exist
../S_ruber/data/for_prokka_fasta/S_ruber1_2/S_ruber1_2:CDS	DNA primase	S_ruber1_2:1308-3110	CDBOIKMB_00002

DiscRep_SUB:FEATURE_LOCATION_CONFLICT::Coding region xref gene does not exist
../S_ruber/data/for_prokka_fasta/S_ruber1_2/S_ruber1_2:CDS	Iron-sulfur cluster carrier protein	S_ruber1_2:3052-3843	CDBOIKMB_00003

DiscRep_SUB:FEATURE_LOCATION_CONFLICT::Coding region xref gene does not exist
../S_ruber/data/for_prokka_fasta/S_ruber1_2/S_ruber1_2:CDS	hypothetical protein	S_ruber1_2:3836-4279	CDBOIKMB_00004

DiscRep_SUB:FEATURE_LOCATION_CONFLICT::Coding region xref gene does not exist
../S_ruber/data/for_prokka_fasta/S_ruber1_2/S_ruber1_2:CDS	hypothetical protein	S_ruber1_2:4553-4738	CDBOIKMB_00005

DiscRep_SUB:FEATURE_LOCATION_CONFLICT::Coding region xref gene does not exist
../S_ruber/data/for_prokka_fasta/S_ruber1_2/S_ruber1_2:CDS	hypothetical protein	S_ruber1_2:4735-4917	CDBOIKMB_00006

DiscRep_SUB:FEATURE_LOCATION_CONFLICT::Coding region xref gene does not exist
../S_ruber/data/for_prokka_fasta/S_ruber1_2/S_ruber1_2:CDS	hypothetical protein	S_ruber1_2:5026-6045	CDBOIKMB_00007

DiscRep_SUB:FEATURE_LOCATION_CONFLICT::Coding region xref gene does not exist
../S_ruber/data/for_prokka_fasta/S_ruber1_2/S_ruber1_2:CDS	hypothetical protein	S_ruber1_2:c9248-7851	CDBOIKMB_00008

DiscRep_SUB:FEATURE_LOCATION_CONFLICT::Coding region xref gene does not exist
../S_ruber/data/for_prokka_fasta/S_ruber1_2/S_ruber1_2:CDS	hypothetical protein	S_ruber1_2:10028-10540	CDBOIKMB_00009

DiscRep_SUB:FEATURE_LOCATION_CONFLICT::Coding region xref gene does not exist
../S_ruber/data/for_prokka_fasta/S_ruber1_2/S_ruber1_2:CDS	hypothetical protein	S_ruber1_2:c11289-10735	CDBOIKMB_00010

DiscRep_SUB:FEATURE_LOCATION_CONFLICT::Coding region xref gene does not exist
../S_ruber/data/for_prokka_fasta/S_ruber1_2/S_ruber1_2:CDS	hypothetical protein	S_ruber1_2:c12187-11957	CDBOIKMB_00011

DiscRep_SUB:FEATURE_LOCATION_CONFLICT::Coding region xref gene does not exist
../S_ruber/data/for_prokka_fasta/S_ruber1_2/S_ruber1_2:CDS	hypothetical protein	S_ruber1_2:12439-13200	CDBOIKMB_00012

DiscRep_SUB:FEATURE_LOCATION_CONFLICT::Coding region xref gene does not exist
../S_ruber/data/for_prokka_fasta/S_ruber1_2/S_ruber1_2:CDS	hypothetical protein	S_ruber1_2:13266-13583	CDBOIKMB_00013

DiscRep_SUB:FEATURE_LOCATION_CONFLICT::Coding region xref gene does not exist
../S_ruber/data/for_prokka_fasta/S_ruber1_2/S_ruber1_2:CDS	hypothetical protein	S_ruber1_2:13597-15756	CDBOIKMB_00014

DiscRep_ALL:DISC_QUALITY_SCORES::Quality scores are missing on all sequences.

DiscRep_ALL:ONCALLER_COMMENT_PRESENT::1 comment descriptors were found (all same)
../S_ruber/data/for_prokka_fasta/S_ruber1_2/S_ruber1_2:S_ruber1_2:Annotated using prokka 1.14.6 from https://github.com/tseemann/prokka

DiscRep_ALL:MISSING_GENOMEASSEMBLY_COMMENTS::1 bioseqs are missing GenomeAssembly structured comments
../S_ruber/data/for_prokka_fasta/S_ruber1_2/S_ruber1_2:S_ruber1_2 (length 16410)

DiscRep_ALL:MOLTYPE_NOT_MRNA::1 molecule types are not set as mRNA.
../S_ruber/data/for_prokka_fasta/S_ruber1_2/S_ruber1_2:S_ruber1_2 (length 16410)

DiscRep_ALL:TECHNIQUE_NOT_TSA::1 technique are not set as TSA
../S_ruber/data/for_prokka_fasta/S_ruber1_2/S_ruber1_2:S_ruber1_2 (length 16410)

DiscRep_ALL:MISSING_STRUCTURED_COMMENT::1 sequences do not include structured comments.
../S_ruber/data/for_prokka_fasta/S_ruber1_2/S_ruber1_2:S_ruber1_2 (length 16410)

DiscRep_ALL:MISSING_PROJECT::15 sequences do not include project.
../S_ruber/data/for_prokka_fasta/S_ruber1_2/S_ruber1_2:S_ruber1_2 (length 16410)
../S_ruber/data/for_prokka_fasta/S_ruber1_2/S_ruber1_2:S_ruber1_2_1 (length 408)
../S_ruber/data/for_prokka_fasta/S_ruber1_2/S_ruber1_2:S_ruber1_2_2 (length 600)
../S_ruber/data/for_prokka_fasta/S_ruber1_2/S_ruber1_2:S_ruber1_2_3 (length 263)
../S_ruber/data/for_prokka_fasta/S_ruber1_2/S_ruber1_2:S_ruber1_2_4 (length 147)
../S_ruber/data/for_prokka_fasta/S_ruber1_2/S_ruber1_2:S_ruber1_2_5 (length 61)
../S_ruber/data/for_prokka_fasta/S_ruber1_2/S_ruber1_2:S_ruber1_2_6 (length 60)
../S_ruber/data/for_prokka_fasta/S_ruber1_2/S_ruber1_2:S_ruber1_2_7 (length 339)
../S_ruber/data/for_prokka_fasta/S_ruber1_2/S_ruber1_2:S_ruber1_2_8 (length 465)
../S_ruber/data/for_prokka_fasta/S_ruber1_2/S_ruber1_2:S_ruber1_2_9 (length 170)
../S_ruber/data/for_prokka_fasta/S_ruber1_2/S_ruber1_2:S_ruber1_2_10 (length 184)
../S_ruber/data/for_prokka_fasta/S_ruber1_2/S_ruber1_2:S_ruber1_2_11 (length 76)
../S_ruber/data/for_prokka_fasta/S_ruber1_2/S_ruber1_2:S_ruber1_2_12 (length 253)
../S_ruber/data/for_prokka_fasta/S_ruber1_2/S_ruber1_2:S_ruber1_2_13 (length 105)
../S_ruber/data/for_prokka_fasta/S_ruber1_2/S_ruber1_2:S_ruber1_2_14 (length 719)

DiscRep_ALL:DISC_INCONSISTENT_MOLINFO_TECH::Molinfo Technique Report (some missing, all same)
DiscRep_SUB:DISC_INCONSISTENT_MOLINFO_TECH::technique (all missing)
DiscRep_SUB:DISC_INCONSISTENT_MOLINFO_TECH::1 Molinfos are missing field technique
../S_ruber/data/for_prokka_fasta/S_ruber1_2/S_ruber1_2:S_ruber1_2 (length 16410)

