Discrepancy Report Results

Summary
DISC_PROTEIN_NAMES:All proteins have same name "hypothetical protein"
FATAL: MISSING_PROTEIN_ID:23 proteins have invalid IDs.
DISC_SOURCE_QUALS_ASNDISC:strain (all present, all unique)
DISC_SOURCE_QUALS_ASNDISC:taxname (all present, all unique)
DISC_FEATURE_COUNT:CDS: 23 present
DISC_COUNT_NUCLEOTIDES:1 nucleotide Bioseqs are present
FEATURE_LOCATION_CONFLICT:23 features have inconsistent gene locations.
DISC_QUALITY_SCORES:Quality scores are missing on all sequences.
ONCALLER_COMMENT_PRESENT:1 comment descriptors were found (all same)
MISSING_GENOMEASSEMBLY_COMMENTS:1 bioseqs are missing GenomeAssembly structured comments
MOLTYPE_NOT_MRNA:1 molecule types are not set as mRNA.
TECHNIQUE_NOT_TSA:1 technique are not set as TSA
MISSING_STRUCTURED_COMMENT:1 sequences do not include structured comments.
MISSING_PROJECT:24 sequences do not include project.
DISC_INCONSISTENT_MOLINFO_TECH:Molinfo Technique Report (some missing, all same)


Detailed Report

DiscRep_ALL:DISC_PROTEIN_NAMES::All proteins have same name "hypothetical protein"

FATAL: DiscRep_ALL:MISSING_PROTEIN_ID::23 proteins have invalid IDs.
../S_ruber/data/for_prokka_fasta/S_ruber2_2/S_ruber2_2:S_ruber2_2_1 (length 81)
../S_ruber/data/for_prokka_fasta/S_ruber2_2/S_ruber2_2:S_ruber2_2_2 (length 71)
../S_ruber/data/for_prokka_fasta/S_ruber2_2/S_ruber2_2:S_ruber2_2_3 (length 200)
../S_ruber/data/for_prokka_fasta/S_ruber2_2/S_ruber2_2:S_ruber2_2_4 (length 61)
../S_ruber/data/for_prokka_fasta/S_ruber2_2/S_ruber2_2:S_ruber2_2_5 (length 107)
../S_ruber/data/for_prokka_fasta/S_ruber2_2/S_ruber2_2:S_ruber2_2_6 (length 773)
../S_ruber/data/for_prokka_fasta/S_ruber2_2/S_ruber2_2:S_ruber2_2_7 (length 91)
../S_ruber/data/for_prokka_fasta/S_ruber2_2/S_ruber2_2:S_ruber2_2_8 (length 101)
../S_ruber/data/for_prokka_fasta/S_ruber2_2/S_ruber2_2:S_ruber2_2_9 (length 53)
../S_ruber/data/for_prokka_fasta/S_ruber2_2/S_ruber2_2:S_ruber2_2_10 (length 160)
../S_ruber/data/for_prokka_fasta/S_ruber2_2/S_ruber2_2:S_ruber2_2_11 (length 266)
../S_ruber/data/for_prokka_fasta/S_ruber2_2/S_ruber2_2:S_ruber2_2_12 (length 209)
../S_ruber/data/for_prokka_fasta/S_ruber2_2/S_ruber2_2:S_ruber2_2_13 (length 53)
../S_ruber/data/for_prokka_fasta/S_ruber2_2/S_ruber2_2:S_ruber2_2_14 (length 92)
../S_ruber/data/for_prokka_fasta/S_ruber2_2/S_ruber2_2:S_ruber2_2_15 (length 236)
../S_ruber/data/for_prokka_fasta/S_ruber2_2/S_ruber2_2:S_ruber2_2_16 (length 104)
../S_ruber/data/for_prokka_fasta/S_ruber2_2/S_ruber2_2:S_ruber2_2_17 (length 608)
../S_ruber/data/for_prokka_fasta/S_ruber2_2/S_ruber2_2:S_ruber2_2_18 (length 134)
../S_ruber/data/for_prokka_fasta/S_ruber2_2/S_ruber2_2:S_ruber2_2_19 (length 172)
../S_ruber/data/for_prokka_fasta/S_ruber2_2/S_ruber2_2:S_ruber2_2_20 (length 94)
../S_ruber/data/for_prokka_fasta/S_ruber2_2/S_ruber2_2:S_ruber2_2_21 (length 218)
../S_ruber/data/for_prokka_fasta/S_ruber2_2/S_ruber2_2:S_ruber2_2_22 (length 172)
../S_ruber/data/for_prokka_fasta/S_ruber2_2/S_ruber2_2:S_ruber2_2_23 (length 81)

DiscRep_ALL:DISC_SOURCE_QUALS_ASNDISC::strain (all present, all unique)
DiscRep_SUB:DISC_SOURCE_QUALS_ASNDISC::1 sources have unique values for strain
DiscRep_ALL:DISC_SOURCE_QUALS_ASNDISC::taxname (all present, all unique)
DiscRep_SUB:DISC_SOURCE_QUALS_ASNDISC::1 sources have unique values for taxname
DiscRep_ALL:DISC_FEATURE_COUNT::CDS: 23 present
DiscRep_ALL:DISC_COUNT_NUCLEOTIDES::1 nucleotide Bioseqs are present
../S_ruber/data/for_prokka_fasta/S_ruber2_2/S_ruber2_2:S_ruber2_2 (length 14894)

DiscRep_ALL:FEATURE_LOCATION_CONFLICT::23 features have inconsistent gene locations.
DiscRep_SUB:FEATURE_LOCATION_CONFLICT::Coding region xref gene does not exist
../S_ruber/data/for_prokka_fasta/S_ruber2_2/S_ruber2_2:CDS	hypothetical protein	S_ruber2_2:c580-335	LDJHEKMD_00001

DiscRep_SUB:FEATURE_LOCATION_CONFLICT::Coding region xref gene does not exist
../S_ruber/data/for_prokka_fasta/S_ruber2_2/S_ruber2_2:CDS	hypothetical protein	S_ruber2_2:801-1016	LDJHEKMD_00002

DiscRep_SUB:FEATURE_LOCATION_CONFLICT::Coding region xref gene does not exist
../S_ruber/data/for_prokka_fasta/S_ruber2_2/S_ruber2_2:CDS	hypothetical protein	S_ruber2_2:1077-1679	LDJHEKMD_00003

DiscRep_SUB:FEATURE_LOCATION_CONFLICT::Coding region xref gene does not exist
../S_ruber/data/for_prokka_fasta/S_ruber2_2/S_ruber2_2:CDS	hypothetical protein	S_ruber2_2:1843-2028	LDJHEKMD_00004

DiscRep_SUB:FEATURE_LOCATION_CONFLICT::Coding region xref gene does not exist
../S_ruber/data/for_prokka_fasta/S_ruber2_2/S_ruber2_2:CDS	hypothetical protein	S_ruber2_2:2113-2436	LDJHEKMD_00005

DiscRep_SUB:FEATURE_LOCATION_CONFLICT::Coding region xref gene does not exist
../S_ruber/data/for_prokka_fasta/S_ruber2_2/S_ruber2_2:CDS	hypothetical protein	S_ruber2_2:2433-4754	LDJHEKMD_00006

DiscRep_SUB:FEATURE_LOCATION_CONFLICT::Coding region xref gene does not exist
../S_ruber/data/for_prokka_fasta/S_ruber2_2/S_ruber2_2:CDS	hypothetical protein	S_ruber2_2:5134-5409	LDJHEKMD_00007

DiscRep_SUB:FEATURE_LOCATION_CONFLICT::Coding region xref gene does not exist
../S_ruber/data/for_prokka_fasta/S_ruber2_2/S_ruber2_2:CDS	hypothetical protein	S_ruber2_2:5464-5769	LDJHEKMD_00008

DiscRep_SUB:FEATURE_LOCATION_CONFLICT::Coding region xref gene does not exist
../S_ruber/data/for_prokka_fasta/S_ruber2_2/S_ruber2_2:CDS	hypothetical protein	S_ruber2_2:5766-5927	LDJHEKMD_00009

DiscRep_SUB:FEATURE_LOCATION_CONFLICT::Coding region xref gene does not exist
../S_ruber/data/for_prokka_fasta/S_ruber2_2/S_ruber2_2:CDS	hypothetical protein	S_ruber2_2:6043-6525	LDJHEKMD_00010

DiscRep_SUB:FEATURE_LOCATION_CONFLICT::Coding region xref gene does not exist
../S_ruber/data/for_prokka_fasta/S_ruber2_2/S_ruber2_2:CDS	hypothetical protein	S_ruber2_2:6614-7414	LDJHEKMD_00011

DiscRep_SUB:FEATURE_LOCATION_CONFLICT::Coding region xref gene does not exist
../S_ruber/data/for_prokka_fasta/S_ruber2_2/S_ruber2_2:CDS	hypothetical protein	S_ruber2_2:7411-8040	LDJHEKMD_00012

DiscRep_SUB:FEATURE_LOCATION_CONFLICT::Coding region xref gene does not exist
../S_ruber/data/for_prokka_fasta/S_ruber2_2/S_ruber2_2:CDS	hypothetical protein	S_ruber2_2:8074-8235	LDJHEKMD_00013

DiscRep_SUB:FEATURE_LOCATION_CONFLICT::Coding region xref gene does not exist
../S_ruber/data/for_prokka_fasta/S_ruber2_2/S_ruber2_2:CDS	hypothetical protein	S_ruber2_2:8240-8518	LDJHEKMD_00014

DiscRep_SUB:FEATURE_LOCATION_CONFLICT::Coding region xref gene does not exist
../S_ruber/data/for_prokka_fasta/S_ruber2_2/S_ruber2_2:CDS	hypothetical protein	S_ruber2_2:8560-9270	LDJHEKMD_00015

DiscRep_SUB:FEATURE_LOCATION_CONFLICT::Coding region xref gene does not exist
../S_ruber/data/for_prokka_fasta/S_ruber2_2/S_ruber2_2:CDS	hypothetical protein	S_ruber2_2:9314-9628	LDJHEKMD_00016

DiscRep_SUB:FEATURE_LOCATION_CONFLICT::Coding region xref gene does not exist
../S_ruber/data/for_prokka_fasta/S_ruber2_2/S_ruber2_2:CDS	hypothetical protein	S_ruber2_2:9641-11467	LDJHEKMD_00017

DiscRep_SUB:FEATURE_LOCATION_CONFLICT::Coding region xref gene does not exist
../S_ruber/data/for_prokka_fasta/S_ruber2_2/S_ruber2_2:CDS	hypothetical protein	S_ruber2_2:11506-11910	LDJHEKMD_00018

DiscRep_SUB:FEATURE_LOCATION_CONFLICT::Coding region xref gene does not exist
../S_ruber/data/for_prokka_fasta/S_ruber2_2/S_ruber2_2:CDS	hypothetical protein	S_ruber2_2:c12437-11919	LDJHEKMD_00019

DiscRep_SUB:FEATURE_LOCATION_CONFLICT::Coding region xref gene does not exist
../S_ruber/data/for_prokka_fasta/S_ruber2_2/S_ruber2_2:CDS	hypothetical protein	S_ruber2_2:c12787-12503	LDJHEKMD_00020

DiscRep_SUB:FEATURE_LOCATION_CONFLICT::Coding region xref gene does not exist
../S_ruber/data/for_prokka_fasta/S_ruber2_2/S_ruber2_2:CDS	hypothetical protein	S_ruber2_2:c13474-12818	LDJHEKMD_00021

DiscRep_SUB:FEATURE_LOCATION_CONFLICT::Coding region xref gene does not exist
../S_ruber/data/for_prokka_fasta/S_ruber2_2/S_ruber2_2:CDS	hypothetical protein	S_ruber2_2:c14330-13812	LDJHEKMD_00022

DiscRep_SUB:FEATURE_LOCATION_CONFLICT::Coding region xref gene does not exist
../S_ruber/data/for_prokka_fasta/S_ruber2_2/S_ruber2_2:CDS	hypothetical protein	S_ruber2_2:c14645-14400	LDJHEKMD_00023

DiscRep_ALL:DISC_QUALITY_SCORES::Quality scores are missing on all sequences.

DiscRep_ALL:ONCALLER_COMMENT_PRESENT::1 comment descriptors were found (all same)
../S_ruber/data/for_prokka_fasta/S_ruber2_2/S_ruber2_2:S_ruber2_2:Annotated using prokka 1.14.6 from https://github.com/tseemann/prokka

DiscRep_ALL:MISSING_GENOMEASSEMBLY_COMMENTS::1 bioseqs are missing GenomeAssembly structured comments
../S_ruber/data/for_prokka_fasta/S_ruber2_2/S_ruber2_2:S_ruber2_2 (length 14894)

DiscRep_ALL:MOLTYPE_NOT_MRNA::1 molecule types are not set as mRNA.
../S_ruber/data/for_prokka_fasta/S_ruber2_2/S_ruber2_2:S_ruber2_2 (length 14894)

DiscRep_ALL:TECHNIQUE_NOT_TSA::1 technique are not set as TSA
../S_ruber/data/for_prokka_fasta/S_ruber2_2/S_ruber2_2:S_ruber2_2 (length 14894)

DiscRep_ALL:MISSING_STRUCTURED_COMMENT::1 sequences do not include structured comments.
../S_ruber/data/for_prokka_fasta/S_ruber2_2/S_ruber2_2:S_ruber2_2 (length 14894)

DiscRep_ALL:MISSING_PROJECT::24 sequences do not include project.
../S_ruber/data/for_prokka_fasta/S_ruber2_2/S_ruber2_2:S_ruber2_2 (length 14894)
../S_ruber/data/for_prokka_fasta/S_ruber2_2/S_ruber2_2:S_ruber2_2_1 (length 81)
../S_ruber/data/for_prokka_fasta/S_ruber2_2/S_ruber2_2:S_ruber2_2_2 (length 71)
../S_ruber/data/for_prokka_fasta/S_ruber2_2/S_ruber2_2:S_ruber2_2_3 (length 200)
../S_ruber/data/for_prokka_fasta/S_ruber2_2/S_ruber2_2:S_ruber2_2_4 (length 61)
../S_ruber/data/for_prokka_fasta/S_ruber2_2/S_ruber2_2:S_ruber2_2_5 (length 107)
../S_ruber/data/for_prokka_fasta/S_ruber2_2/S_ruber2_2:S_ruber2_2_6 (length 773)
../S_ruber/data/for_prokka_fasta/S_ruber2_2/S_ruber2_2:S_ruber2_2_7 (length 91)
../S_ruber/data/for_prokka_fasta/S_ruber2_2/S_ruber2_2:S_ruber2_2_8 (length 101)
../S_ruber/data/for_prokka_fasta/S_ruber2_2/S_ruber2_2:S_ruber2_2_9 (length 53)
../S_ruber/data/for_prokka_fasta/S_ruber2_2/S_ruber2_2:S_ruber2_2_10 (length 160)
../S_ruber/data/for_prokka_fasta/S_ruber2_2/S_ruber2_2:S_ruber2_2_11 (length 266)
../S_ruber/data/for_prokka_fasta/S_ruber2_2/S_ruber2_2:S_ruber2_2_12 (length 209)
../S_ruber/data/for_prokka_fasta/S_ruber2_2/S_ruber2_2:S_ruber2_2_13 (length 53)
../S_ruber/data/for_prokka_fasta/S_ruber2_2/S_ruber2_2:S_ruber2_2_14 (length 92)
../S_ruber/data/for_prokka_fasta/S_ruber2_2/S_ruber2_2:S_ruber2_2_15 (length 236)
../S_ruber/data/for_prokka_fasta/S_ruber2_2/S_ruber2_2:S_ruber2_2_16 (length 104)
../S_ruber/data/for_prokka_fasta/S_ruber2_2/S_ruber2_2:S_ruber2_2_17 (length 608)
../S_ruber/data/for_prokka_fasta/S_ruber2_2/S_ruber2_2:S_ruber2_2_18 (length 134)
../S_ruber/data/for_prokka_fasta/S_ruber2_2/S_ruber2_2:S_ruber2_2_19 (length 172)
../S_ruber/data/for_prokka_fasta/S_ruber2_2/S_ruber2_2:S_ruber2_2_20 (length 94)
../S_ruber/data/for_prokka_fasta/S_ruber2_2/S_ruber2_2:S_ruber2_2_21 (length 218)
../S_ruber/data/for_prokka_fasta/S_ruber2_2/S_ruber2_2:S_ruber2_2_22 (length 172)
../S_ruber/data/for_prokka_fasta/S_ruber2_2/S_ruber2_2:S_ruber2_2_23 (length 81)

DiscRep_ALL:DISC_INCONSISTENT_MOLINFO_TECH::Molinfo Technique Report (some missing, all same)
DiscRep_SUB:DISC_INCONSISTENT_MOLINFO_TECH::technique (all missing)
DiscRep_SUB:DISC_INCONSISTENT_MOLINFO_TECH::1 Molinfos are missing field technique
../S_ruber/data/for_prokka_fasta/S_ruber2_2/S_ruber2_2:S_ruber2_2 (length 14894)

