Discrepancy Report Results

Summary
DISC_PROTEIN_NAMES:All proteins have same name "hypothetical protein"
FATAL: MISSING_PROTEIN_ID:13 proteins have invalid IDs.
DISC_SOURCE_QUALS_ASNDISC:strain (all present, all unique)
DISC_SOURCE_QUALS_ASNDISC:taxname (all present, all unique)
DISC_FEATURE_COUNT:CDS: 13 present
DISC_COUNT_NUCLEOTIDES:1 nucleotide Bioseqs are present
FEATURE_LOCATION_CONFLICT:13 features have inconsistent gene locations.
DISC_QUALITY_SCORES:Quality scores are missing on all sequences.
ONCALLER_COMMENT_PRESENT:1 comment descriptors were found (all same)
MISSING_GENOMEASSEMBLY_COMMENTS:1 bioseqs are missing GenomeAssembly structured comments
MOLTYPE_NOT_MRNA:1 molecule types are not set as mRNA.
TECHNIQUE_NOT_TSA:1 technique are not set as TSA
MISSING_STRUCTURED_COMMENT:1 sequences do not include structured comments.
MISSING_PROJECT:14 sequences do not include project.
DISC_INCONSISTENT_MOLINFO_TECH:Molinfo Technique Report (some missing, all same)


Detailed Report

DiscRep_ALL:DISC_PROTEIN_NAMES::All proteins have same name "hypothetical protein"

FATAL: DiscRep_ALL:MISSING_PROTEIN_ID::13 proteins have invalid IDs.
../S_ruber/data/for_prokka_fasta/S_ruber0_1/S_ruber0_1:S_ruber0_1_1 (length 177)
../S_ruber/data/for_prokka_fasta/S_ruber0_1/S_ruber0_1:S_ruber0_1_2 (length 95)
../S_ruber/data/for_prokka_fasta/S_ruber0_1/S_ruber0_1:S_ruber0_1_3 (length 198)
../S_ruber/data/for_prokka_fasta/S_ruber0_1/S_ruber0_1:S_ruber0_1_4 (length 93)
../S_ruber/data/for_prokka_fasta/S_ruber0_1/S_ruber0_1:S_ruber0_1_5 (length 75)
../S_ruber/data/for_prokka_fasta/S_ruber0_1/S_ruber0_1:S_ruber0_1_6 (length 76)
../S_ruber/data/for_prokka_fasta/S_ruber0_1/S_ruber0_1:S_ruber0_1_7 (length 207)
../S_ruber/data/for_prokka_fasta/S_ruber0_1/S_ruber0_1:S_ruber0_1_8 (length 134)
../S_ruber/data/for_prokka_fasta/S_ruber0_1/S_ruber0_1:S_ruber0_1_9 (length 92)
../S_ruber/data/for_prokka_fasta/S_ruber0_1/S_ruber0_1:S_ruber0_1_10 (length 110)
../S_ruber/data/for_prokka_fasta/S_ruber0_1/S_ruber0_1:S_ruber0_1_11 (length 555)
../S_ruber/data/for_prokka_fasta/S_ruber0_1/S_ruber0_1:S_ruber0_1_12 (length 64)
../S_ruber/data/for_prokka_fasta/S_ruber0_1/S_ruber0_1:S_ruber0_1_13 (length 408)

DiscRep_ALL:DISC_SOURCE_QUALS_ASNDISC::strain (all present, all unique)
DiscRep_SUB:DISC_SOURCE_QUALS_ASNDISC::1 sources have unique values for strain
DiscRep_ALL:DISC_SOURCE_QUALS_ASNDISC::taxname (all present, all unique)
DiscRep_SUB:DISC_SOURCE_QUALS_ASNDISC::1 sources have unique values for taxname
DiscRep_ALL:DISC_FEATURE_COUNT::CDS: 13 present
DiscRep_ALL:DISC_COUNT_NUCLEOTIDES::1 nucleotide Bioseqs are present
../S_ruber/data/for_prokka_fasta/S_ruber0_1/S_ruber0_1:S_ruber0_1 (length 10454)

DiscRep_ALL:FEATURE_LOCATION_CONFLICT::13 features have inconsistent gene locations.
DiscRep_SUB:FEATURE_LOCATION_CONFLICT::Coding region xref gene does not exist
../S_ruber/data/for_prokka_fasta/S_ruber0_1/S_ruber0_1:CDS	hypothetical protein	S_ruber0_1:9-542	EFABNNOA_00001

DiscRep_SUB:FEATURE_LOCATION_CONFLICT::Coding region xref gene does not exist
../S_ruber/data/for_prokka_fasta/S_ruber0_1/S_ruber0_1:CDS	hypothetical protein	S_ruber0_1:896-1183	EFABNNOA_00002

DiscRep_SUB:FEATURE_LOCATION_CONFLICT::Coding region xref gene does not exist
../S_ruber/data/for_prokka_fasta/S_ruber0_1/S_ruber0_1:CDS	hypothetical protein	S_ruber0_1:1183-1779	EFABNNOA_00003

DiscRep_SUB:FEATURE_LOCATION_CONFLICT::Coding region xref gene does not exist
../S_ruber/data/for_prokka_fasta/S_ruber0_1/S_ruber0_1:CDS	hypothetical protein	S_ruber0_1:1920-2201	EFABNNOA_00004

DiscRep_SUB:FEATURE_LOCATION_CONFLICT::Coding region xref gene does not exist
../S_ruber/data/for_prokka_fasta/S_ruber0_1/S_ruber0_1:CDS	hypothetical protein	S_ruber0_1:c2833-2606	EFABNNOA_00005

DiscRep_SUB:FEATURE_LOCATION_CONFLICT::Coding region xref gene does not exist
../S_ruber/data/for_prokka_fasta/S_ruber0_1/S_ruber0_1:CDS	hypothetical protein	S_ruber0_1:c3226-2996	EFABNNOA_00006

DiscRep_SUB:FEATURE_LOCATION_CONFLICT::Coding region xref gene does not exist
../S_ruber/data/for_prokka_fasta/S_ruber0_1/S_ruber0_1:CDS	hypothetical protein	S_ruber0_1:c3907-3284	EFABNNOA_00007

DiscRep_SUB:FEATURE_LOCATION_CONFLICT::Coding region xref gene does not exist
../S_ruber/data/for_prokka_fasta/S_ruber0_1/S_ruber0_1:CDS	hypothetical protein	S_ruber0_1:4723-5127	EFABNNOA_00008

DiscRep_SUB:FEATURE_LOCATION_CONFLICT::Coding region xref gene does not exist
../S_ruber/data/for_prokka_fasta/S_ruber0_1/S_ruber0_1:CDS	hypothetical protein	S_ruber0_1:5130-5408	EFABNNOA_00009

DiscRep_SUB:FEATURE_LOCATION_CONFLICT::Coding region xref gene does not exist
../S_ruber/data/for_prokka_fasta/S_ruber0_1/S_ruber0_1:CDS	hypothetical protein	S_ruber0_1:5408-5740	EFABNNOA_00010

DiscRep_SUB:FEATURE_LOCATION_CONFLICT::Coding region xref gene does not exist
../S_ruber/data/for_prokka_fasta/S_ruber0_1/S_ruber0_1:CDS	hypothetical protein	S_ruber0_1:6023-7690	EFABNNOA_00011

DiscRep_SUB:FEATURE_LOCATION_CONFLICT::Coding region xref gene does not exist
../S_ruber/data/for_prokka_fasta/S_ruber0_1/S_ruber0_1:CDS	hypothetical protein	S_ruber0_1:c8713-8519	EFABNNOA_00012

DiscRep_SUB:FEATURE_LOCATION_CONFLICT::Coding region xref gene does not exist
../S_ruber/data/for_prokka_fasta/S_ruber0_1/S_ruber0_1:CDS	hypothetical protein	S_ruber0_1:9027-10253	EFABNNOA_00013

DiscRep_ALL:DISC_QUALITY_SCORES::Quality scores are missing on all sequences.

DiscRep_ALL:ONCALLER_COMMENT_PRESENT::1 comment descriptors were found (all same)
../S_ruber/data/for_prokka_fasta/S_ruber0_1/S_ruber0_1:S_ruber0_1:Annotated using prokka 1.14.6 from https://github.com/tseemann/prokka

DiscRep_ALL:MISSING_GENOMEASSEMBLY_COMMENTS::1 bioseqs are missing GenomeAssembly structured comments
../S_ruber/data/for_prokka_fasta/S_ruber0_1/S_ruber0_1:S_ruber0_1 (length 10454)

DiscRep_ALL:MOLTYPE_NOT_MRNA::1 molecule types are not set as mRNA.
../S_ruber/data/for_prokka_fasta/S_ruber0_1/S_ruber0_1:S_ruber0_1 (length 10454)

DiscRep_ALL:TECHNIQUE_NOT_TSA::1 technique are not set as TSA
../S_ruber/data/for_prokka_fasta/S_ruber0_1/S_ruber0_1:S_ruber0_1 (length 10454)

DiscRep_ALL:MISSING_STRUCTURED_COMMENT::1 sequences do not include structured comments.
../S_ruber/data/for_prokka_fasta/S_ruber0_1/S_ruber0_1:S_ruber0_1 (length 10454)

DiscRep_ALL:MISSING_PROJECT::14 sequences do not include project.
../S_ruber/data/for_prokka_fasta/S_ruber0_1/S_ruber0_1:S_ruber0_1 (length 10454)
../S_ruber/data/for_prokka_fasta/S_ruber0_1/S_ruber0_1:S_ruber0_1_1 (length 177)
../S_ruber/data/for_prokka_fasta/S_ruber0_1/S_ruber0_1:S_ruber0_1_2 (length 95)
../S_ruber/data/for_prokka_fasta/S_ruber0_1/S_ruber0_1:S_ruber0_1_3 (length 198)
../S_ruber/data/for_prokka_fasta/S_ruber0_1/S_ruber0_1:S_ruber0_1_4 (length 93)
../S_ruber/data/for_prokka_fasta/S_ruber0_1/S_ruber0_1:S_ruber0_1_5 (length 75)
../S_ruber/data/for_prokka_fasta/S_ruber0_1/S_ruber0_1:S_ruber0_1_6 (length 76)
../S_ruber/data/for_prokka_fasta/S_ruber0_1/S_ruber0_1:S_ruber0_1_7 (length 207)
../S_ruber/data/for_prokka_fasta/S_ruber0_1/S_ruber0_1:S_ruber0_1_8 (length 134)
../S_ruber/data/for_prokka_fasta/S_ruber0_1/S_ruber0_1:S_ruber0_1_9 (length 92)
../S_ruber/data/for_prokka_fasta/S_ruber0_1/S_ruber0_1:S_ruber0_1_10 (length 110)
../S_ruber/data/for_prokka_fasta/S_ruber0_1/S_ruber0_1:S_ruber0_1_11 (length 555)
../S_ruber/data/for_prokka_fasta/S_ruber0_1/S_ruber0_1:S_ruber0_1_12 (length 64)
../S_ruber/data/for_prokka_fasta/S_ruber0_1/S_ruber0_1:S_ruber0_1_13 (length 408)

DiscRep_ALL:DISC_INCONSISTENT_MOLINFO_TECH::Molinfo Technique Report (some missing, all same)
DiscRep_SUB:DISC_INCONSISTENT_MOLINFO_TECH::technique (all missing)
DiscRep_SUB:DISC_INCONSISTENT_MOLINFO_TECH::1 Molinfos are missing field technique
../S_ruber/data/for_prokka_fasta/S_ruber0_1/S_ruber0_1:S_ruber0_1 (length 10454)

