Discrepancy Report Results

Summary
FATAL: MISSING_PROTEIN_ID:22 proteins have invalid IDs.
DISC_SOURCE_QUALS_ASNDISC:strain (all present, all unique)
DISC_SOURCE_QUALS_ASNDISC:taxname (all present, all unique)
DISC_FEATURE_COUNT:CDS: 22 present
DISC_COUNT_NUCLEOTIDES:1 nucleotide Bioseqs are present
FEATURE_LOCATION_CONFLICT:22 features have inconsistent gene locations.
DISC_QUALITY_SCORES:Quality scores are missing on all sequences.
ONCALLER_COMMENT_PRESENT:1 comment descriptors were found (all same)
SHORT_PROT_SEQUENCES:1 protein sequences are shorter than 50 aa.
MISSING_GENOMEASSEMBLY_COMMENTS:1 bioseqs are missing GenomeAssembly structured comments
MOLTYPE_NOT_MRNA:1 molecule types are not set as mRNA.
TECHNIQUE_NOT_TSA:1 technique are not set as TSA
MISSING_STRUCTURED_COMMENT:1 sequences do not include structured comments.
MISSING_PROJECT:23 sequences do not include project.
DISC_INCONSISTENT_MOLINFO_TECH:Molinfo Technique Report (some missing, all same)


Detailed Report

FATAL: DiscRep_ALL:MISSING_PROTEIN_ID::22 proteins have invalid IDs.
../S_ruber/data/for_prokka_fasta/S_ruber2_3/S_ruber2_3:S_ruber2_3_1 (length 138)
../S_ruber/data/for_prokka_fasta/S_ruber2_3/S_ruber2_3:S_ruber2_3_2 (length 292)
../S_ruber/data/for_prokka_fasta/S_ruber2_3/S_ruber2_3:S_ruber2_3_3 (length 68)
../S_ruber/data/for_prokka_fasta/S_ruber2_3/S_ruber2_3:S_ruber2_3_4 (length 32)
../S_ruber/data/for_prokka_fasta/S_ruber2_3/S_ruber2_3:S_ruber2_3_5 (length 178)
../S_ruber/data/for_prokka_fasta/S_ruber2_3/S_ruber2_3:S_ruber2_3_6 (length 65)
../S_ruber/data/for_prokka_fasta/S_ruber2_3/S_ruber2_3:S_ruber2_3_7 (length 94)
../S_ruber/data/for_prokka_fasta/S_ruber2_3/S_ruber2_3:S_ruber2_3_8 (length 97)
../S_ruber/data/for_prokka_fasta/S_ruber2_3/S_ruber2_3:S_ruber2_3_9 (length 89)
../S_ruber/data/for_prokka_fasta/S_ruber2_3/S_ruber2_3:S_ruber2_3_10 (length 205)
../S_ruber/data/for_prokka_fasta/S_ruber2_3/S_ruber2_3:S_ruber2_3_11 (length 251)
../S_ruber/data/for_prokka_fasta/S_ruber2_3/S_ruber2_3:S_ruber2_3_12 (length 81)
../S_ruber/data/for_prokka_fasta/S_ruber2_3/S_ruber2_3:S_ruber2_3_13 (length 78)
../S_ruber/data/for_prokka_fasta/S_ruber2_3/S_ruber2_3:S_ruber2_3_14 (length 69)
../S_ruber/data/for_prokka_fasta/S_ruber2_3/S_ruber2_3:S_ruber2_3_15 (length 343)
../S_ruber/data/for_prokka_fasta/S_ruber2_3/S_ruber2_3:S_ruber2_3_16 (length 234)
../S_ruber/data/for_prokka_fasta/S_ruber2_3/S_ruber2_3:S_ruber2_3_17 (length 54)
../S_ruber/data/for_prokka_fasta/S_ruber2_3/S_ruber2_3:S_ruber2_3_18 (length 115)
../S_ruber/data/for_prokka_fasta/S_ruber2_3/S_ruber2_3:S_ruber2_3_19 (length 188)
../S_ruber/data/for_prokka_fasta/S_ruber2_3/S_ruber2_3:S_ruber2_3_20 (length 66)
../S_ruber/data/for_prokka_fasta/S_ruber2_3/S_ruber2_3:S_ruber2_3_21 (length 224)
../S_ruber/data/for_prokka_fasta/S_ruber2_3/S_ruber2_3:S_ruber2_3_22 (length 151)

DiscRep_ALL:DISC_SOURCE_QUALS_ASNDISC::strain (all present, all unique)
DiscRep_SUB:DISC_SOURCE_QUALS_ASNDISC::1 sources have unique values for strain
DiscRep_ALL:DISC_SOURCE_QUALS_ASNDISC::taxname (all present, all unique)
DiscRep_SUB:DISC_SOURCE_QUALS_ASNDISC::1 sources have unique values for taxname
DiscRep_ALL:DISC_FEATURE_COUNT::CDS: 22 present
DiscRep_ALL:DISC_COUNT_NUCLEOTIDES::1 nucleotide Bioseqs are present
../S_ruber/data/for_prokka_fasta/S_ruber2_3/S_ruber2_3:S_ruber2_3 (length 11534)

DiscRep_ALL:FEATURE_LOCATION_CONFLICT::22 features have inconsistent gene locations.
DiscRep_SUB:FEATURE_LOCATION_CONFLICT::Coding region xref gene does not exist
../S_ruber/data/for_prokka_fasta/S_ruber2_3/S_ruber2_3:CDS	hypothetical protein	S_ruber2_3:300-716	IHHOHBLL_00001

DiscRep_SUB:FEATURE_LOCATION_CONFLICT::Coding region xref gene does not exist
../S_ruber/data/for_prokka_fasta/S_ruber2_3/S_ruber2_3:CDS	hypothetical protein	S_ruber2_3:787-1665	IHHOHBLL_00002

DiscRep_SUB:FEATURE_LOCATION_CONFLICT::Coding region xref gene does not exist
../S_ruber/data/for_prokka_fasta/S_ruber2_3/S_ruber2_3:CDS	hypothetical protein	S_ruber2_3:1750-1956	IHHOHBLL_00003

DiscRep_SUB:FEATURE_LOCATION_CONFLICT::Coding region xref gene does not exist
../S_ruber/data/for_prokka_fasta/S_ruber2_3/S_ruber2_3:CDS	hypothetical protein	S_ruber2_3:1960-2058	IHHOHBLL_00004

DiscRep_SUB:FEATURE_LOCATION_CONFLICT::Coding region xref gene does not exist
../S_ruber/data/for_prokka_fasta/S_ruber2_3/S_ruber2_3:CDS	hypothetical protein	S_ruber2_3:2063-2599	IHHOHBLL_00005

DiscRep_SUB:FEATURE_LOCATION_CONFLICT::Coding region xref gene does not exist
../S_ruber/data/for_prokka_fasta/S_ruber2_3/S_ruber2_3:CDS	hypothetical protein	S_ruber2_3:2580-2777	IHHOHBLL_00006

DiscRep_SUB:FEATURE_LOCATION_CONFLICT::Coding region xref gene does not exist
../S_ruber/data/for_prokka_fasta/S_ruber2_3/S_ruber2_3:CDS	hypothetical protein	S_ruber2_3:2792-3076	IHHOHBLL_00007

DiscRep_SUB:FEATURE_LOCATION_CONFLICT::Coding region xref gene does not exist
../S_ruber/data/for_prokka_fasta/S_ruber2_3/S_ruber2_3:CDS	hypothetical protein	S_ruber2_3:3073-3366	IHHOHBLL_00008

DiscRep_SUB:FEATURE_LOCATION_CONFLICT::Coding region xref gene does not exist
../S_ruber/data/for_prokka_fasta/S_ruber2_3/S_ruber2_3:CDS	hypothetical protein	S_ruber2_3:c3725-3456	IHHOHBLL_00009

DiscRep_SUB:FEATURE_LOCATION_CONFLICT::Coding region xref gene does not exist
../S_ruber/data/for_prokka_fasta/S_ruber2_3/S_ruber2_3:CDS	hypothetical protein	S_ruber2_3:c4404-3787	IHHOHBLL_00010

DiscRep_SUB:FEATURE_LOCATION_CONFLICT::Coding region xref gene does not exist
../S_ruber/data/for_prokka_fasta/S_ruber2_3/S_ruber2_3:CDS	hypothetical protein	S_ruber2_3:c5398-4643	IHHOHBLL_00011

DiscRep_SUB:FEATURE_LOCATION_CONFLICT::Coding region xref gene does not exist
../S_ruber/data/for_prokka_fasta/S_ruber2_3/S_ruber2_3:CDS	hypothetical protein	S_ruber2_3:c5785-5540	IHHOHBLL_00012

DiscRep_SUB:FEATURE_LOCATION_CONFLICT::Coding region xref gene does not exist
../S_ruber/data/for_prokka_fasta/S_ruber2_3/S_ruber2_3:CDS	hypothetical protein	S_ruber2_3:6028-6264	IHHOHBLL_00013

DiscRep_SUB:FEATURE_LOCATION_CONFLICT::Coding region xref gene does not exist
../S_ruber/data/for_prokka_fasta/S_ruber2_3/S_ruber2_3:CDS	hypothetical protein	S_ruber2_3:6273-6482	IHHOHBLL_00014

DiscRep_SUB:FEATURE_LOCATION_CONFLICT::Coding region xref gene does not exist
../S_ruber/data/for_prokka_fasta/S_ruber2_3/S_ruber2_3:CDS	Tyrosine recombinase XerC	S_ruber2_3:6547-7578	IHHOHBLL_00015

DiscRep_SUB:FEATURE_LOCATION_CONFLICT::Coding region xref gene does not exist
../S_ruber/data/for_prokka_fasta/S_ruber2_3/S_ruber2_3:CDS	hypothetical protein	S_ruber2_3:7603-8307	IHHOHBLL_00016

DiscRep_SUB:FEATURE_LOCATION_CONFLICT::Coding region xref gene does not exist
../S_ruber/data/for_prokka_fasta/S_ruber2_3/S_ruber2_3:CDS	hypothetical protein	S_ruber2_3:8507-8671	IHHOHBLL_00017

DiscRep_SUB:FEATURE_LOCATION_CONFLICT::Coding region xref gene does not exist
../S_ruber/data/for_prokka_fasta/S_ruber2_3/S_ruber2_3:CDS	hypothetical protein	S_ruber2_3:8751-9098	IHHOHBLL_00018

DiscRep_SUB:FEATURE_LOCATION_CONFLICT::Coding region xref gene does not exist
../S_ruber/data/for_prokka_fasta/S_ruber2_3/S_ruber2_3:CDS	hypothetical protein	S_ruber2_3:c9679-9113	IHHOHBLL_00019

DiscRep_SUB:FEATURE_LOCATION_CONFLICT::Coding region xref gene does not exist
../S_ruber/data/for_prokka_fasta/S_ruber2_3/S_ruber2_3:CDS	hypothetical protein	S_ruber2_3:c10198-9998	IHHOHBLL_00020

DiscRep_SUB:FEATURE_LOCATION_CONFLICT::Coding region xref gene does not exist
../S_ruber/data/for_prokka_fasta/S_ruber2_3/S_ruber2_3:CDS	hypothetical protein	S_ruber2_3:c10897-10223	IHHOHBLL_00021

DiscRep_SUB:FEATURE_LOCATION_CONFLICT::Coding region xref gene does not exist
../S_ruber/data/for_prokka_fasta/S_ruber2_3/S_ruber2_3:CDS	hypothetical protein	S_ruber2_3:c11362-10907	IHHOHBLL_00022

DiscRep_ALL:DISC_QUALITY_SCORES::Quality scores are missing on all sequences.

DiscRep_ALL:ONCALLER_COMMENT_PRESENT::1 comment descriptors were found (all same)
../S_ruber/data/for_prokka_fasta/S_ruber2_3/S_ruber2_3:S_ruber2_3:Annotated using prokka 1.14.6 from https://github.com/tseemann/prokka

DiscRep_ALL:SHORT_PROT_SEQUENCES::1 protein sequences are shorter than 50 aa.
../S_ruber/data/for_prokka_fasta/S_ruber2_3/S_ruber2_3:S_ruber2_3_4 (length 32)

DiscRep_ALL:MISSING_GENOMEASSEMBLY_COMMENTS::1 bioseqs are missing GenomeAssembly structured comments
../S_ruber/data/for_prokka_fasta/S_ruber2_3/S_ruber2_3:S_ruber2_3 (length 11534)

DiscRep_ALL:MOLTYPE_NOT_MRNA::1 molecule types are not set as mRNA.
../S_ruber/data/for_prokka_fasta/S_ruber2_3/S_ruber2_3:S_ruber2_3 (length 11534)

DiscRep_ALL:TECHNIQUE_NOT_TSA::1 technique are not set as TSA
../S_ruber/data/for_prokka_fasta/S_ruber2_3/S_ruber2_3:S_ruber2_3 (length 11534)

DiscRep_ALL:MISSING_STRUCTURED_COMMENT::1 sequences do not include structured comments.
../S_ruber/data/for_prokka_fasta/S_ruber2_3/S_ruber2_3:S_ruber2_3 (length 11534)

DiscRep_ALL:MISSING_PROJECT::23 sequences do not include project.
../S_ruber/data/for_prokka_fasta/S_ruber2_3/S_ruber2_3:S_ruber2_3 (length 11534)
../S_ruber/data/for_prokka_fasta/S_ruber2_3/S_ruber2_3:S_ruber2_3_1 (length 138)
../S_ruber/data/for_prokka_fasta/S_ruber2_3/S_ruber2_3:S_ruber2_3_2 (length 292)
../S_ruber/data/for_prokka_fasta/S_ruber2_3/S_ruber2_3:S_ruber2_3_3 (length 68)
../S_ruber/data/for_prokka_fasta/S_ruber2_3/S_ruber2_3:S_ruber2_3_4 (length 32)
../S_ruber/data/for_prokka_fasta/S_ruber2_3/S_ruber2_3:S_ruber2_3_5 (length 178)
../S_ruber/data/for_prokka_fasta/S_ruber2_3/S_ruber2_3:S_ruber2_3_6 (length 65)
../S_ruber/data/for_prokka_fasta/S_ruber2_3/S_ruber2_3:S_ruber2_3_7 (length 94)
../S_ruber/data/for_prokka_fasta/S_ruber2_3/S_ruber2_3:S_ruber2_3_8 (length 97)
../S_ruber/data/for_prokka_fasta/S_ruber2_3/S_ruber2_3:S_ruber2_3_9 (length 89)
../S_ruber/data/for_prokka_fasta/S_ruber2_3/S_ruber2_3:S_ruber2_3_10 (length 205)
../S_ruber/data/for_prokka_fasta/S_ruber2_3/S_ruber2_3:S_ruber2_3_11 (length 251)
../S_ruber/data/for_prokka_fasta/S_ruber2_3/S_ruber2_3:S_ruber2_3_12 (length 81)
../S_ruber/data/for_prokka_fasta/S_ruber2_3/S_ruber2_3:S_ruber2_3_13 (length 78)
../S_ruber/data/for_prokka_fasta/S_ruber2_3/S_ruber2_3:S_ruber2_3_14 (length 69)
../S_ruber/data/for_prokka_fasta/S_ruber2_3/S_ruber2_3:S_ruber2_3_15 (length 343)
../S_ruber/data/for_prokka_fasta/S_ruber2_3/S_ruber2_3:S_ruber2_3_16 (length 234)
../S_ruber/data/for_prokka_fasta/S_ruber2_3/S_ruber2_3:S_ruber2_3_17 (length 54)
../S_ruber/data/for_prokka_fasta/S_ruber2_3/S_ruber2_3:S_ruber2_3_18 (length 115)
../S_ruber/data/for_prokka_fasta/S_ruber2_3/S_ruber2_3:S_ruber2_3_19 (length 188)
../S_ruber/data/for_prokka_fasta/S_ruber2_3/S_ruber2_3:S_ruber2_3_20 (length 66)
../S_ruber/data/for_prokka_fasta/S_ruber2_3/S_ruber2_3:S_ruber2_3_21 (length 224)
../S_ruber/data/for_prokka_fasta/S_ruber2_3/S_ruber2_3:S_ruber2_3_22 (length 151)

DiscRep_ALL:DISC_INCONSISTENT_MOLINFO_TECH::Molinfo Technique Report (some missing, all same)
DiscRep_SUB:DISC_INCONSISTENT_MOLINFO_TECH::technique (all missing)
DiscRep_SUB:DISC_INCONSISTENT_MOLINFO_TECH::1 Molinfos are missing field technique
../S_ruber/data/for_prokka_fasta/S_ruber2_3/S_ruber2_3:S_ruber2_3 (length 11534)

